{"file":"engine/engine.go:93","level":"info","msg":"find clusters key: /clusters/1","time":"2019-02-19T16:21:46+08:00"}
{"file":"engine/engine.go:96","level":"info","msg":"find server instance: /clusters/1/1 and value {\"idx\":\"1\",\"name\":\"server1\",\"addr\":\"http://localhost:9091\",\"weight\":5,\"cluster_id\":\"1\"}","time":"2019-02-19T16:21:46+08:00"}
{"file":"engine/engine.go:96","level":"info","msg":"find server instance: /clusters/1/2 and value {\"idx\":\"2\",\"name\":\"server2\",\"addr\":\"http://localhost:9092\",\"weight\":5,\"cluster_id\":\"1\"}","time":"2019-02-19T16:21:46+08:00"}
{"file":"engine/engine.go:118","level":"info","msg":"find api cfg instance: /apis/1 and value {\"idx\":\"1\",\"path\":\"/example/name\",\"method\":\"GET\",\"target_cluster_id\":\"1\",\"rewrite_path\":\"/srv/name\",\"need_combine\":false,\"api_combination\":null}","time":"2019-02-19T16:21:46+08:00"}
{"file":"engine/engine.go:118","level":"info","msg":"find api cfg instance: /apis/2 and value {\"idx\":\"2\",\"path\":\"/example/id\",\"method\":\"GET\",\"target_cluster_id\":\"1\",\"rewrite_path\":\"srv/id\",\"need_combine\":false,\"api_combination\":null}","time":"2019-02-19T16:21:46+08:00"}
{"file":"engine/engine.go:118","level":"info","msg":"find api cfg instance: /apis/3 and value {\"idx\":\"3\",\"path\":\"/example/combination\",\"method\":\"GET\",\"target_cluster_id\":\"\",\"rewrite_path\":\"\",\"need_combine\":true,\"api_combination\":[{\"idx\":\"1\",\"path\":\"/srv/id\",\"field\":\"id\",\"method\":\"GET\",\"target_cluster_id\":\"1\"},{\"idx\":\"2\",\"path\":\"/srv/name\",\"field\":\"name\",\"method\":\"GET\",\"target_cluster_id\":\"1\"}]}","time":"2019-02-19T16:21:46+08:00"}
{"file":"proxy/proxier.go:158","level":"info","msg":"URI rule:/example/name_get registered","time":"2019-02-19T16:21:46+08:00"}
{"file":"proxy/proxier.go:158","level":"info","msg":"URI rule:/example/id_get registered","time":"2019-02-19T16:21:46+08:00"}
{"file":"proxy/proxier.go:158","level":"info","msg":"URI rule:/example/combination_get registered","time":"2019-02-19T16:21:46+08:00"}
{"file":"engine/engine.go:135","level":"info","msg":"find routing cfg instance: /routings/1 and value {\"idx\":\"1\",\"prefix\":\"/srv1\",\"cluster_id\":\"1\",\"need_strip_prefix\":true}","time":"2019-02-19T16:21:46+08:00"}
{"file":"proxy/proxier.go:180","level":"info","msg":"SRV rule:1_/srv1 registered","time":"2019-02-19T16:21:46+08:00"}
{"file":"engine/engine.go:154","level":"info","msg":"find routing cfg instance: /routings/1 and value {\"idx\":\"1\",\"prefix\":\"/srv1\",\"cluster_id\":\"1\",\"need_strip_prefix\":true}","time":"2019-02-19T16:21:46+08:00"}
{"addr":":9000","file":"engine/engine.go:180","level":"info","msg":"start listening","numPlugins":3,"time":"2019-02-19T16:21:46+08:00"}
{"file":"proxy/proxier.go:101","level":"info","msg":"could not match path or server rule !!! (method: GET, path: /srv/srv/name)","time":"2019-02-19T16:23:51+08:00"}
{"file":"proxy/proxier.go:101","level":"info","msg":"could not match path or server rule !!! (method: GET, path: /favicon.ico)","time":"2019-02-19T16:23:51+08:00"}
{"file":"proxy/proxier.go:82","level":"info","msg":"matched path rules","time":"2019-02-19T16:24:02+08:00"}
{"file":"proxy/proxier.go:198","level":"error","msg":"could not found balancer of /example/id, 1","time":"2019-02-19T16:24:02+08:00"}
{"file":"proxy/proxier.go:101","level":"info","msg":"could not match path or server rule !!! (method: GET, path: /favicon.ico)","time":"2019-02-19T16:24:02+08:00"}
{"file":"engine/engine.go:93","level":"info","msg":"find clusters key: /clusters/1","time":"2019-02-19T16:27:14+08:00"}
{"file":"engine/engine.go:96","level":"info","msg":"find server instance: /clusters/1/2 and value {\"idx\":\"2\",\"name\":\"server2\",\"addr\":\"http://localhost:9092\",\"weight\":5,\"cluster_id\":\"1\"}","time":"2019-02-19T16:27:14+08:00"}
{"file":"engine/engine.go:96","level":"info","msg":"find server instance: /clusters/1/1 and value {\"idx\":\"1\",\"name\":\"server1\",\"addr\":\"http://localhost:9091\",\"weight\":5,\"cluster_id\":\"1\"}","time":"2019-02-19T16:27:14+08:00"}
{"file":"engine/engine.go:118","level":"info","msg":"find api cfg instance: /apis/1 and value {\"idx\":\"1\",\"path\":\"/example/name\",\"method\":\"GET\",\"target_cluster_id\":\"1\",\"rewrite_path\":\"/srv/name\",\"need_combine\":false,\"api_combination\":null}","time":"2019-02-19T16:27:14+08:00"}
{"file":"engine/engine.go:118","level":"info","msg":"find api cfg instance: /apis/2 and value {\"idx\":\"2\",\"path\":\"/example/id\",\"method\":\"GET\",\"target_cluster_id\":\"1\",\"rewrite_path\":\"srv/id\",\"need_combine\":false,\"api_combination\":null}","time":"2019-02-19T16:27:14+08:00"}
{"file":"engine/engine.go:118","level":"info","msg":"find api cfg instance: /apis/3 and value {\"idx\":\"3\",\"path\":\"/example/combination\",\"method\":\"GET\",\"target_cluster_id\":\"\",\"rewrite_path\":\"\",\"need_combine\":true,\"api_combination\":[{\"idx\":\"1\",\"path\":\"/srv/id\",\"field\":\"id\",\"method\":\"GET\",\"target_cluster_id\":\"1\"},{\"idx\":\"2\",\"path\":\"/srv/name\",\"field\":\"name\",\"method\":\"GET\",\"target_cluster_id\":\"1\"}]}","time":"2019-02-19T16:27:14+08:00"}
{"file":"proxy/proxier.go:159","level":"info","msg":"URI rule:/example/name_get registered","time":"2019-02-19T16:27:14+08:00"}
{"file":"proxy/proxier.go:159","level":"info","msg":"URI rule:/example/id_get registered","time":"2019-02-19T16:27:14+08:00"}
{"file":"proxy/proxier.go:159","level":"info","msg":"URI rule:/example/combination_get registered","time":"2019-02-19T16:27:14+08:00"}
{"file":"engine/engine.go:135","level":"info","msg":"find routing cfg instance: /routings/1 and value {\"idx\":\"1\",\"prefix\":\"/srv1\",\"cluster_id\":\"1\",\"need_strip_prefix\":true}","time":"2019-02-19T16:27:14+08:00"}
{"file":"proxy/proxier.go:181","level":"info","msg":"SRV rule:1_/srv1 registered","time":"2019-02-19T16:27:14+08:00"}
{"file":"engine/engine.go:154","level":"info","msg":"find routing cfg instance: /routings/1 and value {\"idx\":\"1\",\"prefix\":\"/srv1\",\"cluster_id\":\"1\",\"need_strip_prefix\":true}","time":"2019-02-19T16:27:15+08:00"}
{"addr":":9000","file":"engine/engine.go:180","level":"info","msg":"start listening","numPlugins":3,"time":"2019-02-19T16:27:15+08:00"}
{"file":"engine/engine.go:93","level":"info","msg":"find clusters key: /clusters/1","time":"2019-02-19T16:28:30+08:00"}
{"file":"engine/engine.go:96","level":"info","msg":"find server instance: /clusters/1/1 and value {\"idx\":\"1\",\"name\":\"server1\",\"addr\":\"http://localhost:9091\",\"weight\":5,\"cluster_id\":\"1\"}","time":"2019-02-19T16:28:30+08:00"}
{"file":"engine/engine.go:96","level":"info","msg":"find server instance: /clusters/1/2 and value {\"idx\":\"2\",\"name\":\"server2\",\"addr\":\"http://localhost:9092\",\"weight\":5,\"cluster_id\":\"1\"}","time":"2019-02-19T16:28:30+08:00"}
{"file":"engine/engine.go:106","level":"info","msg":"map[]","time":"2019-02-19T16:28:30+08:00"}
{"file":"engine/engine.go:119","level":"info","msg":"find api cfg instance: /apis/3 and value {\"idx\":\"3\",\"path\":\"/example/combination\",\"method\":\"GET\",\"target_cluster_id\":\"\",\"rewrite_path\":\"\",\"need_combine\":true,\"api_combination\":[{\"idx\":\"1\",\"path\":\"/srv/id\",\"field\":\"id\",\"method\":\"GET\",\"target_cluster_id\":\"1\"},{\"idx\":\"2\",\"path\":\"/srv/name\",\"field\":\"name\",\"method\":\"GET\",\"target_cluster_id\":\"1\"}]}","time":"2019-02-19T16:28:30+08:00"}
{"file":"engine/engine.go:119","level":"info","msg":"find api cfg instance: /apis/1 and value {\"idx\":\"1\",\"path\":\"/example/name\",\"method\":\"GET\",\"target_cluster_id\":\"1\",\"rewrite_path\":\"/srv/name\",\"need_combine\":false,\"api_combination\":null}","time":"2019-02-19T16:28:30+08:00"}
{"file":"engine/engine.go:119","level":"info","msg":"find api cfg instance: /apis/2 and value {\"idx\":\"2\",\"path\":\"/example/id\",\"method\":\"GET\",\"target_cluster_id\":\"1\",\"rewrite_path\":\"srv/id\",\"need_combine\":false,\"api_combination\":null}","time":"2019-02-19T16:28:30+08:00"}
{"file":"proxy/proxier.go:159","level":"info","msg":"URI rule:/example/combination_get registered","time":"2019-02-19T16:28:30+08:00"}
{"file":"proxy/proxier.go:159","level":"info","msg":"URI rule:/example/name_get registered","time":"2019-02-19T16:28:30+08:00"}
{"file":"proxy/proxier.go:159","level":"info","msg":"URI rule:/example/id_get registered","time":"2019-02-19T16:28:30+08:00"}
{"file":"engine/engine.go:136","level":"info","msg":"find routing cfg instance: /routings/1 and value {\"idx\":\"1\",\"prefix\":\"/srv1\",\"cluster_id\":\"1\",\"need_strip_prefix\":true}","time":"2019-02-19T16:28:30+08:00"}
{"file":"proxy/proxier.go:181","level":"info","msg":"SRV rule:1_/srv1 registered","time":"2019-02-19T16:28:30+08:00"}
{"file":"engine/engine.go:155","level":"info","msg":"find routing cfg instance: /routings/1 and value {\"idx\":\"1\",\"prefix\":\"/srv1\",\"cluster_id\":\"1\",\"need_strip_prefix\":true}","time":"2019-02-19T16:28:30+08:00"}
{"addr":":9000","file":"engine/engine.go:181","level":"info","msg":"start listening","numPlugins":3,"time":"2019-02-19T16:28:30+08:00"}
{"file":"engine/engine.go:93","level":"info","msg":"find clusters key: /clusters/1","time":"2019-02-19T16:30:28+08:00"}
{"file":"engine/engine.go:96","level":"info","msg":"find server instance: /clusters/1/1 and value {\"idx\":\"1\",\"name\":\"server1\",\"addr\":\"http://localhost:9091\",\"weight\":5,\"cluster_id\":\"1\"}","time":"2019-02-19T16:30:28+08:00"}
{"file":"engine/engine.go:96","level":"info","msg":"find server instance: /clusters/1/2 and value {\"idx\":\"2\",\"name\":\"server2\",\"addr\":\"http://localhost:9092\",\"weight\":5,\"cluster_id\":\"1\"}","time":"2019-02-19T16:30:28+08:00"}
{"file":"engine/engine.go:107","level":"info","msg":"map[]","time":"2019-02-19T16:30:28+08:00"}
{"file":"engine/engine.go:120","level":"info","msg":"find api cfg instance: /apis/1 and value {\"idx\":\"1\",\"path\":\"/example/name\",\"method\":\"GET\",\"target_cluster_id\":\"1\",\"rewrite_path\":\"/srv/name\",\"need_combine\":false,\"api_combination\":null}","time":"2019-02-19T16:30:28+08:00"}
{"file":"engine/engine.go:120","level":"info","msg":"find api cfg instance: /apis/2 and value {\"idx\":\"2\",\"path\":\"/example/id\",\"method\":\"GET\",\"target_cluster_id\":\"1\",\"rewrite_path\":\"srv/id\",\"need_combine\":false,\"api_combination\":null}","time":"2019-02-19T16:30:28+08:00"}
{"file":"engine/engine.go:120","level":"info","msg":"find api cfg instance: /apis/3 and value {\"idx\":\"3\",\"path\":\"/example/combination\",\"method\":\"GET\",\"target_cluster_id\":\"\",\"rewrite_path\":\"\",\"need_combine\":true,\"api_combination\":[{\"idx\":\"1\",\"path\":\"/srv/id\",\"field\":\"id\",\"method\":\"GET\",\"target_cluster_id\":\"1\"},{\"idx\":\"2\",\"path\":\"/srv/name\",\"field\":\"name\",\"method\":\"GET\",\"target_cluster_id\":\"1\"}]}","time":"2019-02-19T16:30:28+08:00"}
{"file":"proxy/proxier.go:159","level":"info","msg":"URI rule:/example/name_get registered","time":"2019-02-19T16:30:28+08:00"}
{"file":"proxy/proxier.go:159","level":"info","msg":"URI rule:/example/id_get registered","time":"2019-02-19T16:30:28+08:00"}
{"file":"proxy/proxier.go:159","level":"info","msg":"URI rule:/example/combination_get registered","time":"2019-02-19T16:30:28+08:00"}
{"file":"engine/engine.go:137","level":"info","msg":"find routing cfg instance: /routings/1 and value {\"idx\":\"1\",\"prefix\":\"/srv1\",\"cluster_id\":\"1\",\"need_strip_prefix\":true}","time":"2019-02-19T16:30:28+08:00"}
{"file":"proxy/proxier.go:181","level":"info","msg":"SRV rule:1_/srv1 registered","time":"2019-02-19T16:30:28+08:00"}
{"file":"engine/engine.go:156","level":"info","msg":"find routing cfg instance: /routings/1 and value {\"idx\":\"1\",\"prefix\":\"/srv1\",\"cluster_id\":\"1\",\"need_strip_prefix\":true}","time":"2019-02-19T16:30:28+08:00"}
{"addr":":9000","file":"engine/engine.go:182","level":"info","msg":"start listening","numPlugins":3,"time":"2019-02-19T16:30:28+08:00"}
{"file":"engine/engine.go:94","level":"info","msg":"find clusters key: clusters","time":"2019-02-19T16:32:12+08:00"}
{"file":"engine/engine.go:97","level":"info","msg":"find server instance: /clusters/1 and value ","time":"2019-02-19T16:32:12+08:00"}
{"file":"engine/engine.go:108","level":"info","msg":"map[]","time":"2019-02-19T16:32:12+08:00"}
{"file":"engine/engine.go:121","level":"info","msg":"find api cfg instance: /apis/1 and value {\"idx\":\"1\",\"path\":\"/example/name\",\"method\":\"GET\",\"target_cluster_id\":\"1\",\"rewrite_path\":\"/srv/name\",\"need_combine\":false,\"api_combination\":null}","time":"2019-02-19T16:32:12+08:00"}
{"file":"engine/engine.go:121","level":"info","msg":"find api cfg instance: /apis/2 and value {\"idx\":\"2\",\"path\":\"/example/id\",\"method\":\"GET\",\"target_cluster_id\":\"1\",\"rewrite_path\":\"srv/id\",\"need_combine\":false,\"api_combination\":null}","time":"2019-02-19T16:32:12+08:00"}
{"file":"engine/engine.go:121","level":"info","msg":"find api cfg instance: /apis/3 and value {\"idx\":\"3\",\"path\":\"/example/combination\",\"method\":\"GET\",\"target_cluster_id\":\"\",\"rewrite_path\":\"\",\"need_combine\":true,\"api_combination\":[{\"idx\":\"1\",\"path\":\"/srv/id\",\"field\":\"id\",\"method\":\"GET\",\"target_cluster_id\":\"1\"},{\"idx\":\"2\",\"path\":\"/srv/name\",\"field\":\"name\",\"method\":\"GET\",\"target_cluster_id\":\"1\"}]}","time":"2019-02-19T16:32:12+08:00"}
{"file":"proxy/proxier.go:159","level":"info","msg":"URI rule:/example/name_get registered","time":"2019-02-19T16:32:12+08:00"}
{"file":"proxy/proxier.go:159","level":"info","msg":"URI rule:/example/id_get registered","time":"2019-02-19T16:32:12+08:00"}
{"file":"proxy/proxier.go:159","level":"info","msg":"URI rule:/example/combination_get registered","time":"2019-02-19T16:32:12+08:00"}
{"file":"engine/engine.go:138","level":"info","msg":"find routing cfg instance: /routings/1 and value {\"idx\":\"1\",\"prefix\":\"/srv1\",\"cluster_id\":\"1\",\"need_strip_prefix\":true}","time":"2019-02-19T16:32:12+08:00"}
{"file":"proxy/proxier.go:181","level":"info","msg":"SRV rule:1_/srv1 registered","time":"2019-02-19T16:32:12+08:00"}
{"file":"engine/engine.go:157","level":"info","msg":"find routing cfg instance: /routings/1 and value {\"idx\":\"1\",\"prefix\":\"/srv1\",\"cluster_id\":\"1\",\"need_strip_prefix\":true}","time":"2019-02-19T16:32:12+08:00"}
{"addr":":9000","file":"engine/engine.go:183","level":"info","msg":"start listening","numPlugins":3,"time":"2019-02-19T16:32:12+08:00"}
{"file":"engine/engine.go:94","level":"info","msg":"find clusters key: 1","time":"2019-02-19T16:32:29+08:00"}
{"file":"engine/engine.go:108","level":"info","msg":"map[]","time":"2019-02-19T16:32:29+08:00"}
{"file":"engine/engine.go:121","level":"info","msg":"find api cfg instance: /apis/1 and value {\"idx\":\"1\",\"path\":\"/example/name\",\"method\":\"GET\",\"target_cluster_id\":\"1\",\"rewrite_path\":\"/srv/name\",\"need_combine\":false,\"api_combination\":null}","time":"2019-02-19T16:32:29+08:00"}
{"file":"engine/engine.go:121","level":"info","msg":"find api cfg instance: /apis/2 and value {\"idx\":\"2\",\"path\":\"/example/id\",\"method\":\"GET\",\"target_cluster_id\":\"1\",\"rewrite_path\":\"srv/id\",\"need_combine\":false,\"api_combination\":null}","time":"2019-02-19T16:32:29+08:00"}
{"file":"engine/engine.go:121","level":"info","msg":"find api cfg instance: /apis/3 and value {\"idx\":\"3\",\"path\":\"/example/combination\",\"method\":\"GET\",\"target_cluster_id\":\"\",\"rewrite_path\":\"\",\"need_combine\":true,\"api_combination\":[{\"idx\":\"1\",\"path\":\"/srv/id\",\"field\":\"id\",\"method\":\"GET\",\"target_cluster_id\":\"1\"},{\"idx\":\"2\",\"path\":\"/srv/name\",\"field\":\"name\",\"method\":\"GET\",\"target_cluster_id\":\"1\"}]}","time":"2019-02-19T16:32:29+08:00"}
{"file":"proxy/proxier.go:159","level":"info","msg":"URI rule:/example/name_get registered","time":"2019-02-19T16:32:29+08:00"}
{"file":"proxy/proxier.go:159","level":"info","msg":"URI rule:/example/id_get registered","time":"2019-02-19T16:32:29+08:00"}
{"file":"proxy/proxier.go:159","level":"info","msg":"URI rule:/example/combination_get registered","time":"2019-02-19T16:32:29+08:00"}
{"file":"engine/engine.go:138","level":"info","msg":"find routing cfg instance: /routings/1 and value {\"idx\":\"1\",\"prefix\":\"/srv1\",\"cluster_id\":\"1\",\"need_strip_prefix\":true}","time":"2019-02-19T16:32:29+08:00"}
{"file":"proxy/proxier.go:181","level":"info","msg":"SRV rule:1_/srv1 registered","time":"2019-02-19T16:32:29+08:00"}
{"file":"engine/engine.go:157","level":"info","msg":"find routing cfg instance: /routings/1 and value {\"idx\":\"1\",\"prefix\":\"/srv1\",\"cluster_id\":\"1\",\"need_strip_prefix\":true}","time":"2019-02-19T16:32:29+08:00"}
{"addr":":9000","file":"engine/engine.go:183","level":"info","msg":"start listening","numPlugins":3,"time":"2019-02-19T16:32:29+08:00"}
{"file":"engine/engine.go:95","level":"info","msg":"find cluster instance id: 1","time":"2019-02-19T16:33:59+08:00"}
{"file":"engine/engine.go:98","level":"info","msg":"find server instance: /clusters/1/1","time":"2019-02-19T16:33:59+08:00"}
{"file":"engine/engine.go:98","level":"info","msg":"find server instance: /clusters/1/2","time":"2019-02-19T16:33:59+08:00"}
{"file":"engine/engine.go:109","level":"info","msg":"map[]","time":"2019-02-19T16:33:59+08:00"}
{"file":"engine/engine.go:122","level":"info","msg":"find api cfg instance: /apis/1 and value {\"idx\":\"1\",\"path\":\"/example/name\",\"method\":\"GET\",\"target_cluster_id\":\"1\",\"rewrite_path\":\"/srv/name\",\"need_combine\":false,\"api_combination\":null}","time":"2019-02-19T16:33:59+08:00"}
{"file":"engine/engine.go:122","level":"info","msg":"find api cfg instance: /apis/2 and value {\"idx\":\"2\",\"path\":\"/example/id\",\"method\":\"GET\",\"target_cluster_id\":\"1\",\"rewrite_path\":\"srv/id\",\"need_combine\":false,\"api_combination\":null}","time":"2019-02-19T16:33:59+08:00"}
{"file":"engine/engine.go:122","level":"info","msg":"find api cfg instance: /apis/3 and value {\"idx\":\"3\",\"path\":\"/example/combination\",\"method\":\"GET\",\"target_cluster_id\":\"\",\"rewrite_path\":\"\",\"need_combine\":true,\"api_combination\":[{\"idx\":\"1\",\"path\":\"/srv/id\",\"field\":\"id\",\"method\":\"GET\",\"target_cluster_id\":\"1\"},{\"idx\":\"2\",\"path\":\"/srv/name\",\"field\":\"name\",\"method\":\"GET\",\"target_cluster_id\":\"1\"}]}","time":"2019-02-19T16:33:59+08:00"}
{"file":"proxy/proxier.go:159","level":"info","msg":"URI rule:/example/name_get registered","time":"2019-02-19T16:33:59+08:00"}
{"file":"proxy/proxier.go:159","level":"info","msg":"URI rule:/example/id_get registered","time":"2019-02-19T16:33:59+08:00"}
{"file":"proxy/proxier.go:159","level":"info","msg":"URI rule:/example/combination_get registered","time":"2019-02-19T16:33:59+08:00"}
{"file":"engine/engine.go:139","level":"info","msg":"find routing cfg instance: /routings/1 and value {\"idx\":\"1\",\"prefix\":\"/srv1\",\"cluster_id\":\"1\",\"need_strip_prefix\":true}","time":"2019-02-19T16:33:59+08:00"}
{"file":"proxy/proxier.go:181","level":"info","msg":"SRV rule:1_/srv1 registered","time":"2019-02-19T16:33:59+08:00"}
{"file":"engine/engine.go:158","level":"info","msg":"find routing cfg instance: /routings/1 and value {\"idx\":\"1\",\"prefix\":\"/srv1\",\"cluster_id\":\"1\",\"need_strip_prefix\":true}","time":"2019-02-19T16:33:59+08:00"}
{"addr":":9000","file":"engine/engine.go:184","level":"info","msg":"start listening","numPlugins":3,"time":"2019-02-19T16:33:59+08:00"}
{"file":"engine/engine.go:95","level":"info","msg":"find cluster instance id: 1","time":"2019-02-19T16:34:19+08:00"}
{"file":"engine/engine.go:98","level":"info","msg":"find server instance: /clusters/1/1","time":"2019-02-19T16:34:19+08:00"}
{"file":"engine/engine.go:98","level":"info","msg":"find server instance: /clusters/1/2","time":"2019-02-19T16:34:19+08:00"}
{"file":"engine/engine.go:109","level":"info","msg":"map[]","time":"2019-02-19T16:34:19+08:00"}
{"file":"engine/engine.go:122","level":"info","msg":"find api cfg instance: /apis/1","time":"2019-02-19T16:34:19+08:00"}
{"file":"engine/engine.go:122","level":"info","msg":"find api cfg instance: /apis/2","time":"2019-02-19T16:34:19+08:00"}
{"file":"engine/engine.go:122","level":"info","msg":"find api cfg instance: /apis/3","time":"2019-02-19T16:34:19+08:00"}
{"file":"proxy/proxier.go:159","level":"info","msg":"URI rule:/example/name_get registered","time":"2019-02-19T16:34:19+08:00"}
{"file":"proxy/proxier.go:159","level":"info","msg":"URI rule:/example/id_get registered","time":"2019-02-19T16:34:19+08:00"}
{"file":"proxy/proxier.go:159","level":"info","msg":"URI rule:/example/combination_get registered","time":"2019-02-19T16:34:19+08:00"}
{"file":"engine/engine.go:139","level":"info","msg":"find routing cfg instance: /routings/1","time":"2019-02-19T16:34:19+08:00"}
{"file":"proxy/proxier.go:181","level":"info","msg":"SRV rule:1_/srv1 registered","time":"2019-02-19T16:34:19+08:00"}
{"file":"engine/engine.go:158","level":"info","msg":"find routing cfg instance: /routings/1","time":"2019-02-19T16:34:19+08:00"}
{"addr":":9000","file":"engine/engine.go:184","level":"info","msg":"start listening","numPlugins":3,"time":"2019-02-19T16:34:19+08:00"}
{"file":"engine/engine.go:94","level":"info","msg":"find cluster instance id: 1","time":"2019-02-19T16:34:56+08:00"}
{"file":"engine/engine.go:97","level":"info","msg":"find server instance: /clusters/1/1","time":"2019-02-19T16:34:56+08:00"}
{"file":"engine/engine.go:97","level":"info","msg":"find server instance: /clusters/1/2","time":"2019-02-19T16:34:56+08:00"}
{"file":"engine/engine.go:108","level":"info","msg":"map[]","time":"2019-02-19T16:34:56+08:00"}
{"file":"engine/engine.go:121","level":"info","msg":"find api cfg instance: /apis/1","time":"2019-02-19T16:34:56+08:00"}
{"file":"engine/engine.go:121","level":"info","msg":"find api cfg instance: /apis/2","time":"2019-02-19T16:34:56+08:00"}
{"file":"engine/engine.go:121","level":"info","msg":"find api cfg instance: /apis/3","time":"2019-02-19T16:34:56+08:00"}
{"file":"proxy/proxier.go:159","level":"info","msg":"URI rule:/example/name_get registered","time":"2019-02-19T16:34:56+08:00"}
{"file":"proxy/proxier.go:159","level":"info","msg":"URI rule:/example/id_get registered","time":"2019-02-19T16:34:56+08:00"}
{"file":"proxy/proxier.go:159","level":"info","msg":"URI rule:/example/combination_get registered","time":"2019-02-19T16:34:56+08:00"}
{"file":"engine/engine.go:138","level":"info","msg":"find routing cfg instance: /routings/1","time":"2019-02-19T16:34:56+08:00"}
{"file":"proxy/proxier.go:181","level":"info","msg":"SRV rule:1_/srv1 registered","time":"2019-02-19T16:34:56+08:00"}
{"file":"engine/engine.go:157","level":"info","msg":"find routing cfg instance: /routings/1","time":"2019-02-19T16:34:56+08:00"}
{"addr":":9000","file":"engine/engine.go:183","level":"info","msg":"start listening","numPlugins":3,"time":"2019-02-19T16:34:56+08:00"}
{"file":"engine/engine.go:94","level":"info","msg":"find cluster instance id: 1","time":"2019-02-19T16:35:56+08:00"}
{"file":"engine/engine.go:97","level":"info","msg":"find server instance: /clusters/1/1","time":"2019-02-19T16:35:56+08:00"}
{"file":"engine/engine.go:97","level":"info","msg":"find server instance: /clusters/1/2","time":"2019-02-19T16:35:56+08:00"}
{"file":"engine/engine.go:111","level":"info","msg":"map[]","time":"2019-02-19T16:35:56+08:00"}
{"file":"engine/engine.go:124","level":"info","msg":"find api cfg instance: /apis/1","time":"2019-02-19T16:35:56+08:00"}
{"file":"engine/engine.go:124","level":"info","msg":"find api cfg instance: /apis/2","time":"2019-02-19T16:35:56+08:00"}
{"file":"engine/engine.go:124","level":"info","msg":"find api cfg instance: /apis/3","time":"2019-02-19T16:35:56+08:00"}
{"file":"proxy/proxier.go:159","level":"info","msg":"URI rule:/example/name_get registered","time":"2019-02-19T16:35:56+08:00"}
{"file":"proxy/proxier.go:159","level":"info","msg":"URI rule:/example/id_get registered","time":"2019-02-19T16:35:56+08:00"}
{"file":"proxy/proxier.go:159","level":"info","msg":"URI rule:/example/combination_get registered","time":"2019-02-19T16:35:56+08:00"}
{"file":"engine/engine.go:141","level":"info","msg":"find routing cfg instance: /routings/1","time":"2019-02-19T16:35:56+08:00"}
{"file":"proxy/proxier.go:181","level":"info","msg":"SRV rule:1_/srv1 registered","time":"2019-02-19T16:35:56+08:00"}
{"file":"engine/engine.go:160","level":"info","msg":"find routing cfg instance: /routings/1","time":"2019-02-19T16:35:56+08:00"}
{"addr":":9000","file":"engine/engine.go:186","level":"info","msg":"start listening","numPlugins":3,"time":"2019-02-19T16:35:56+08:00"}
{"file":"engine/engine.go:94","level":"info","msg":"find cluster instance id: 1","time":"2019-02-19T16:37:17+08:00"}
{"file":"engine/engine.go:97","level":"info","msg":"find server instance: /clusters/1/1","time":"2019-02-19T16:37:17+08:00"}
{"file":"engine/engine.go:97","level":"info","msg":"find server instance: /clusters/1/2","time":"2019-02-19T16:37:17+08:00"}
{"file":"engine/engine.go:111","level":"info","msg":"map[]","time":"2019-02-19T16:37:17+08:00"}
{"file":"engine/engine.go:124","level":"info","msg":"find api cfg instance: /apis/1","time":"2019-02-19T16:37:17+08:00"}
{"file":"engine/engine.go:124","level":"info","msg":"find api cfg instance: /apis/2","time":"2019-02-19T16:37:17+08:00"}
{"file":"engine/engine.go:124","level":"info","msg":"find api cfg instance: /apis/3","time":"2019-02-19T16:37:17+08:00"}
{"file":"proxy/proxier.go:159","level":"info","msg":"URI rule:/example/name_get registered","time":"2019-02-19T16:37:17+08:00"}
{"file":"proxy/proxier.go:159","level":"info","msg":"URI rule:/example/id_get registered","time":"2019-02-19T16:37:17+08:00"}
{"file":"proxy/proxier.go:159","level":"info","msg":"URI rule:/example/combination_get registered","time":"2019-02-19T16:37:17+08:00"}
{"file":"engine/engine.go:141","level":"info","msg":"find routing cfg instance: /routings/1","time":"2019-02-19T16:37:17+08:00"}
{"file":"proxy/proxier.go:181","level":"info","msg":"SRV rule:1_/srv1 registered","time":"2019-02-19T16:37:17+08:00"}
{"file":"engine/engine.go:160","level":"info","msg":"find routing cfg instance: /routings/1","time":"2019-02-19T16:37:17+08:00"}
{"addr":":9000","file":"engine/engine.go:186","level":"info","msg":"start listening","numPlugins":3,"time":"2019-02-19T16:37:17+08:00"}
{"file":"engine/engine.go:94","level":"info","msg":"find cluster instance id: 1","time":"2019-02-19T16:37:52+08:00"}
{"file":"engine/engine.go:97","level":"info","msg":"find server instance: /clusters/1/1","time":"2019-02-19T16:37:52+08:00"}
{"file":"engine/engine.go:97","level":"info","msg":"find server instance: /clusters/1/2","time":"2019-02-19T16:37:52+08:00"}
{"file":"engine/engine.go:107","level":"info","msg":"clusterCfgs register: id-1, count-2","time":"2019-02-19T16:37:52+08:00"}
{"file":"engine/engine.go:111","level":"info","msg":"map[1:[0xc000190050 0xc0001900a0]]","time":"2019-02-19T16:37:52+08:00"}
{"file":"proxy/proxier.go:138","level":"info","msg":"cluster :1, registered with 2 instance","time":"2019-02-19T16:37:52+08:00"}
{"file":"engine/engine.go:124","level":"info","msg":"find api cfg instance: /apis/1","time":"2019-02-19T16:37:52+08:00"}
{"file":"engine/engine.go:124","level":"info","msg":"find api cfg instance: /apis/2","time":"2019-02-19T16:37:52+08:00"}
{"file":"engine/engine.go:124","level":"info","msg":"find api cfg instance: /apis/3","time":"2019-02-19T16:37:52+08:00"}
{"file":"proxy/proxier.go:159","level":"info","msg":"URI rule:/example/name_get registered","time":"2019-02-19T16:37:52+08:00"}
{"file":"proxy/proxier.go:159","level":"info","msg":"URI rule:/example/id_get registered","time":"2019-02-19T16:37:52+08:00"}
{"file":"proxy/proxier.go:159","level":"info","msg":"URI rule:/example/combination_get registered","time":"2019-02-19T16:37:52+08:00"}
{"file":"engine/engine.go:141","level":"info","msg":"find routing cfg instance: /routings/1","time":"2019-02-19T16:37:52+08:00"}
{"file":"proxy/proxier.go:181","level":"info","msg":"SRV rule:1_/srv1 registered","time":"2019-02-19T16:37:52+08:00"}
{"file":"engine/engine.go:160","level":"info","msg":"find routing cfg instance: /routings/1","time":"2019-02-19T16:37:52+08:00"}
{"addr":":9000","file":"engine/engine.go:186","level":"info","msg":"start listening","numPlugins":3,"time":"2019-02-19T16:37:52+08:00"}
{"file":"proxy/proxier.go:82","level":"info","msg":"matched path rules","time":"2019-02-19T16:37:56+08:00"}
{"file":"proxy/proxier.go:101","level":"info","msg":"could not match path or server rule !!! (method: GET, path: /favicon.ico)","time":"2019-02-19T16:37:56+08:00"}
{"file":"proxy/proxier.go:82","level":"info","msg":"matched path rules","time":"2019-02-19T16:37:58+08:00"}
{"file":"proxy/proxier.go:101","level":"info","msg":"could not match path or server rule !!! (method: GET, path: /favicon.ico)","time":"2019-02-19T16:37:58+08:00"}
{"file":"proxy/proxier.go:82","level":"info","msg":"matched path rules","time":"2019-02-19T16:38:02+08:00"}
{"file":"proxy/proxier.go:101","level":"info","msg":"could not match path or server rule !!! (method: GET, path: /favicon.ico)","time":"2019-02-19T16:38:02+08:00"}
{"file":"proxy/proxier.go:82","level":"info","msg":"matched path rules","time":"2019-02-19T16:38:04+08:00"}
{"file":"proxy/proxier.go:101","level":"info","msg":"could not match path or server rule !!! (method: GET, path: /favicon.ico)","time":"2019-02-19T16:38:04+08:00"}
{"file":"proxy/proxier.go:82","level":"info","msg":"matched path rules","time":"2019-02-19T16:38:05+08:00"}
{"file":"proxy/proxier.go:101","level":"info","msg":"could not match path or server rule !!! (method: GET, path: /favicon.ico)","time":"2019-02-19T16:38:05+08:00"}
{"file":"proxy/proxier.go:82","level":"info","msg":"matched path rules","time":"2019-02-19T16:38:05+08:00"}
{"file":"proxy/proxier.go:101","level":"info","msg":"could not match path or server rule !!! (method: GET, path: /favicon.ico)","time":"2019-02-19T16:38:05+08:00"}
{"file":"proxy/proxier.go:82","level":"info","msg":"matched path rules","time":"2019-02-19T16:38:05+08:00"}
{"file":"proxy/proxier.go:101","level":"info","msg":"could not match path or server rule !!! (method: GET, path: /favicon.ico)","time":"2019-02-19T16:38:06+08:00"}
{"file":"proxy/proxier.go:82","level":"info","msg":"matched path rules","time":"2019-02-19T16:38:06+08:00"}
{"file":"proxy/proxier.go:101","level":"info","msg":"could not match path or server rule !!! (method: GET, path: /favicon.ico)","time":"2019-02-19T16:38:06+08:00"}
{"file":"proxy/proxier.go:82","level":"info","msg":"matched path rules","time":"2019-02-19T16:38:06+08:00"}
{"file":"proxy/proxier.go:101","level":"info","msg":"could not match path or server rule !!! (method: GET, path: /favicon.ico)","time":"2019-02-19T16:38:06+08:00"}
{"file":"proxy/proxier.go:82","level":"info","msg":"matched path rules","time":"2019-02-19T16:38:06+08:00"}
{"file":"proxy/proxier.go:101","level":"info","msg":"could not match path or server rule !!! (method: GET, path: /favicon.ico)","time":"2019-02-19T16:38:06+08:00"}
{"file":"proxy/proxier.go:82","level":"info","msg":"matched path rules","time":"2019-02-19T16:38:06+08:00"}
{"file":"proxy/proxier.go:101","level":"info","msg":"could not match path or server rule !!! (method: GET, path: /favicon.ico)","time":"2019-02-19T16:38:06+08:00"}
{"file":"proxy/proxier.go:82","level":"info","msg":"matched path rules","time":"2019-02-19T16:38:07+08:00"}
{"file":"proxy/proxier.go:101","level":"info","msg":"could not match path or server rule !!! (method: GET, path: /favicon.ico)","time":"2019-02-19T16:38:08+08:00"}
{"file":"proxy/proxier.go:82","level":"info","msg":"matched path rules","time":"2019-02-19T16:38:51+08:00"}
{"file":"proxy/proxier.go:101","level":"info","msg":"could not match path or server rule !!! (method: GET, path: /favicon.ico)","time":"2019-02-19T16:38:52+08:00"}
{"file":"proxy/proxier.go:82","level":"info","msg":"matched path rules","time":"2019-02-19T16:38:53+08:00"}
{"file":"proxy/proxier.go:101","level":"info","msg":"could not match path or server rule !!! (method: GET, path: /favicon.ico)","time":"2019-02-19T16:38:53+08:00"}
{"file":"proxy/proxier.go:82","level":"info","msg":"matched path rules","time":"2019-02-19T16:38:54+08:00"}
{"file":"proxy/proxier.go:101","level":"info","msg":"could not match path or server rule !!! (method: GET, path: /favicon.ico)","time":"2019-02-19T16:38:54+08:00"}
{"file":"proxy/proxier.go:82","level":"info","msg":"matched path rules","time":"2019-02-19T16:38:54+08:00"}
{"file":"proxy/proxier.go:101","level":"info","msg":"could not match path or server rule !!! (method: GET, path: /favicon.ico)","time":"2019-02-19T16:38:54+08:00"}
{"file":"proxy/proxier.go:82","level":"info","msg":"matched path rules","time":"2019-02-19T16:38:54+08:00"}
{"file":"proxy/proxier.go:101","level":"info","msg":"could not match path or server rule !!! (method: GET, path: /favicon.ico)","time":"2019-02-19T16:38:55+08:00"}
{"file":"proxy/proxier.go:82","level":"info","msg":"matched path rules","time":"2019-02-19T16:40:52+08:00"}
{"file":"proxy/proxier.go:101","level":"info","msg":"could not match path or server rule !!! (method: GET, path: /favicon.ico)","time":"2019-02-19T16:40:52+08:00"}
{"file":"proxy/proxier.go:82","level":"info","msg":"matched path rules","time":"2019-02-19T16:40:55+08:00"}
{"file":"proxy/proxier.go:101","level":"info","msg":"could not match path or server rule !!! (method: GET, path: /favicon.ico)","time":"2019-02-19T16:40:55+08:00"}
{"file":"proxy/proxier.go:82","level":"info","msg":"matched path rules","time":"2019-02-19T16:40:56+08:00"}
{"file":"proxy/proxier.go:101","level":"info","msg":"could not match path or server rule !!! (method: GET, path: /favicon.ico)","time":"2019-02-19T16:40:56+08:00"}
{"file":"proxy/proxier.go:82","level":"info","msg":"matched path rules","time":"2019-02-19T16:40:57+08:00"}
{"file":"proxy/proxier.go:101","level":"info","msg":"could not match path or server rule !!! (method: GET, path: /favicon.ico)","time":"2019-02-19T16:40:57+08:00"}
{"file":"proxy/proxier.go:82","level":"info","msg":"matched path rules","time":"2019-02-19T16:40:57+08:00"}
{"file":"proxy/proxier.go:101","level":"info","msg":"could not match path or server rule !!! (method: GET, path: /favicon.ico)","time":"2019-02-19T16:40:57+08:00"}
{"file":"proxy/proxier.go:82","level":"info","msg":"matched path rules","time":"2019-02-19T16:40:58+08:00"}
{"file":"proxy/proxier.go:101","level":"info","msg":"could not match path or server rule !!! (method: GET, path: /favicon.ico)","time":"2019-02-19T16:40:58+08:00"}
{"file":"proxy/proxier.go:82","level":"info","msg":"matched path rules","time":"2019-02-19T16:40:58+08:00"}
{"file":"proxy/proxier.go:101","level":"info","msg":"could not match path or server rule !!! (method: GET, path: /favicon.ico)","time":"2019-02-19T16:40:58+08:00"}
{"file":"proxy/proxier.go:82","level":"info","msg":"matched path rules","time":"2019-02-19T16:41:04+08:00"}
{"file":"proxy/proxier.go:101","level":"info","msg":"could not match path or server rule !!! (method: GET, path: /favicon.ico)","time":"2019-02-19T16:41:04+08:00"}
{"file":"proxy/proxier.go:82","level":"info","msg":"matched path rules","time":"2019-02-19T16:41:05+08:00"}
{"file":"proxy/proxier.go:101","level":"info","msg":"could not match path or server rule !!! (method: GET, path: /favicon.ico)","time":"2019-02-19T16:41:05+08:00"}
{"file":"proxy/proxier.go:82","level":"info","msg":"matched path rules","time":"2019-02-19T16:41:09+08:00"}
{"file":"proxy/proxier.go:101","level":"info","msg":"could not match path or server rule !!! (method: GET, path: /favicon.ico)","time":"2019-02-19T16:41:09+08:00"}
{"file":"proxy/proxier.go:82","level":"info","msg":"matched path rules","time":"2019-02-19T16:41:10+08:00"}
{"file":"proxy/proxier.go:101","level":"info","msg":"could not match path or server rule !!! (method: GET, path: /favicon.ico)","time":"2019-02-19T16:41:10+08:00"}
{"file":"proxy/proxier.go:82","level":"info","msg":"matched path rules","time":"2019-02-19T16:41:10+08:00"}
{"file":"proxy/proxier.go:101","level":"info","msg":"could not match path or server rule !!! (method: GET, path: /favicon.ico)","time":"2019-02-19T16:41:10+08:00"}
{"file":"proxy/proxier.go:82","level":"info","msg":"matched path rules","time":"2019-02-19T16:41:14+08:00"}
{"file":"proxy/proxier.go:101","level":"info","msg":"could not match path or server rule !!! (method: GET, path: /favicon.ico)","time":"2019-02-19T16:41:14+08:00"}
{"file":"proxy/proxier.go:82","level":"info","msg":"matched path rules","time":"2019-02-19T16:41:15+08:00"}
{"file":"proxy/proxier.go:101","level":"info","msg":"could not match path or server rule !!! (method: GET, path: /favicon.ico)","time":"2019-02-19T16:41:15+08:00"}
{"file":"proxy/proxier.go:82","level":"info","msg":"matched path rules","time":"2019-02-19T16:41:16+08:00"}
{"file":"proxy/proxier.go:101","level":"info","msg":"could not match path or server rule !!! (method: GET, path: /favicon.ico)","time":"2019-02-19T16:41:16+08:00"}
{"file":"proxy/proxier.go:82","level":"info","msg":"matched path rules","time":"2019-02-19T16:41:24+08:00"}
{"file":"proxy/proxier.go:101","level":"info","msg":"could not match path or server rule !!! (method: GET, path: /favicon.ico)","time":"2019-02-19T16:41:24+08:00"}
{"file":"proxy/proxier.go:82","level":"info","msg":"matched path rules","time":"2019-02-19T16:41:26+08:00"}
{"file":"proxy/proxier.go:101","level":"info","msg":"could not match path or server rule !!! (method: GET, path: /favicon.ico)","time":"2019-02-19T16:41:27+08:00"}
{"file":"proxy/proxier.go:82","level":"info","msg":"matched path rules","time":"2019-02-19T16:41:27+08:00"}
{"file":"proxy/proxier.go:101","level":"info","msg":"could not match path or server rule !!! (method: GET, path: /favicon.ico)","time":"2019-02-19T16:41:27+08:00"}
{"file":"proxy/proxier.go:82","level":"info","msg":"matched path rules","time":"2019-02-19T16:41:27+08:00"}
{"file":"proxy/proxier.go:82","level":"info","msg":"matched path rules","time":"2019-02-19T16:41:28+08:00"}
{"file":"proxy/proxier.go:101","level":"info","msg":"could not match path or server rule !!! (method: GET, path: /favicon.ico)","time":"2019-02-19T16:41:28+08:00"}
{"file":"engine/engine.go:94","level":"info","msg":"find cluster instance id: 1","time":"2019-02-19T16:42:11+08:00"}
{"file":"engine/engine.go:97","level":"info","msg":"find server instance: /clusters/1/1","time":"2019-02-19T16:42:11+08:00"}
{"file":"engine/engine.go:97","level":"info","msg":"find server instance: /clusters/1/2","time":"2019-02-19T16:42:11+08:00"}
{"file":"engine/engine.go:107","level":"info","msg":"clusterCfgs register: id-1, count-2","time":"2019-02-19T16:42:11+08:00"}
{"file":"engine/engine.go:111","level":"info","msg":"map[1:[0xc0000b0460 0xc0000b04b0]]","time":"2019-02-19T16:42:11+08:00"}
{"file":"proxy/proxier.go:138","level":"info","msg":"cluster :1, registered with 2 instance","time":"2019-02-19T16:42:11+08:00"}
{"file":"engine/engine.go:124","level":"info","msg":"find api cfg instance: /apis/2","time":"2019-02-19T16:42:11+08:00"}
{"file":"engine/engine.go:124","level":"info","msg":"find api cfg instance: /apis/3","time":"2019-02-19T16:42:11+08:00"}
{"file":"engine/engine.go:124","level":"info","msg":"find api cfg instance: /apis/1","time":"2019-02-19T16:42:11+08:00"}
{"file":"proxy/proxier.go:159","level":"info","msg":"URI rule:/example/id_get registered","time":"2019-02-19T16:42:11+08:00"}
{"file":"proxy/proxier.go:159","level":"info","msg":"URI rule:/example/combination_get registered","time":"2019-02-19T16:42:11+08:00"}
{"file":"proxy/proxier.go:159","level":"info","msg":"URI rule:/example/name_get registered","time":"2019-02-19T16:42:11+08:00"}
{"file":"engine/engine.go:141","level":"info","msg":"find routing cfg instance: /routings/1","time":"2019-02-19T16:42:11+08:00"}
{"file":"proxy/proxier.go:181","level":"info","msg":"SRV rule:1_/srv1 registered","time":"2019-02-19T16:42:11+08:00"}
{"file":"engine/engine.go:160","level":"info","msg":"find routing cfg instance: /routings/1","time":"2019-02-19T16:42:11+08:00"}
{"addr":":9000","file":"engine/engine.go:186","level":"info","msg":"start listening","numPlugins":3,"time":"2019-02-19T16:42:11+08:00"}
{"file":"proxy/proxier.go:82","level":"info","msg":"matched path rules","time":"2019-02-19T16:42:44+08:00"}
{"file":"proxy/proxier.go:82","level":"info","msg":"matched path rules","time":"2019-02-19T16:42:53+08:00"}
{"file":"proxy/proxier.go:82","level":"info","msg":"matched path rules","time":"2019-02-19T16:42:55+08:00"}
